<?xml version="1.0" encoding="UTF-8"?>
<testng-results ignored="0" total="1" passed="1" failed="0" skipped="0">
  <reporter-output>
  </reporter-output>
  <suite started-at="2021-11-02T06:30:44 SAST" name="Default suite" finished-at="2021-11-02T06:32:33 SAST" duration-ms="108780">
    <groups>
    </groups>
    <test started-at="2021-11-02T06:30:44 SAST" name="Default test" finished-at="2021-11-02T06:32:33 SAST" duration-ms="108780">
      <class name="functionality.Product">
        <test-method is-config="true" signature="setUp()[pri:0, instance:functionality.Product@1ea9f6af]" started-at="2021-11-02T06:30:45 SAST" name="setUp" finished-at="2021-11-02T06:30:56 SAST" duration-ms="11329" status="PASS">
          <reporter-output>
          </reporter-output>
        </test-method> <!-- setUp -->
        <test-method signature="logIn(java.lang.String,java.lang.String)[pri:0, instance:functionality.Product@1ea9f6af]" started-at="2021-11-02T06:30:56 SAST" name="logIn" data-provider="loginData" finished-at="2021-11-02T06:32:33 SAST" duration-ms="97248" status="PASS">
          <params>
            <param index="0">
              <value>
                <![CDATA[realcmpunk@gmail.com]]>
              </value>
            </param>
            <param index="1">
              <value>
                <![CDATA[!@#$%]]>
              </value>
            </param>
          </params>
          <reporter-output>
          </reporter-output>
        </test-method> <!-- logIn -->
      </class> <!-- functionality.Product -->
    </test> <!-- Default test -->
  </suite> <!-- Default suite -->
</testng-results>
